[2025-07-07T20:20:05.507+0000] {processor.py:161} INFO - Started process (PID=170) to work on /opt/airflow/dags/pipeline_dbt.py
[2025-07-07T20:20:05.509+0000] {processor.py:830} INFO - Processing file /opt/airflow/dags/pipeline_dbt.py for tasks to queue
[2025-07-07T20:20:05.510+0000] {logging_mixin.py:188} INFO - [2025-07-07T20:20:05.509+0000] {dagbag.py:538} INFO - Filling up the DagBag from /opt/airflow/dags/pipeline_dbt.py
[2025-07-07T20:20:05.532+0000] {processor.py:840} INFO - DAG(s) 'pipeline_dbt' retrieved from /opt/airflow/dags/pipeline_dbt.py
[2025-07-07T20:20:05.565+0000] {logging_mixin.py:188} INFO - [2025-07-07T20:20:05.564+0000] {dag.py:3036} INFO - Sync 1 DAGs
[2025-07-07T20:20:05.592+0000] {logging_mixin.py:188} INFO - [2025-07-07T20:20:05.592+0000] {dag.py:3823} INFO - Setting next_dagrun for pipeline_dbt to 2025-07-06 00:00:00+00:00, run_after=2025-07-07 00:00:00+00:00
[2025-07-07T20:20:05.615+0000] {processor.py:183} INFO - Processing /opt/airflow/dags/pipeline_dbt.py took 0.112 seconds
[2025-07-07T20:20:35.700+0000] {processor.py:161} INFO - Started process (PID=176) to work on /opt/airflow/dags/pipeline_dbt.py
[2025-07-07T20:20:35.701+0000] {processor.py:830} INFO - Processing file /opt/airflow/dags/pipeline_dbt.py for tasks to queue
[2025-07-07T20:20:35.702+0000] {logging_mixin.py:188} INFO - [2025-07-07T20:20:35.702+0000] {dagbag.py:538} INFO - Filling up the DagBag from /opt/airflow/dags/pipeline_dbt.py
[2025-07-07T20:20:35.719+0000] {processor.py:840} INFO - DAG(s) 'pipeline_dbt' retrieved from /opt/airflow/dags/pipeline_dbt.py
[2025-07-07T20:20:35.845+0000] {logging_mixin.py:188} INFO - [2025-07-07T20:20:35.845+0000] {dag.py:3036} INFO - Sync 1 DAGs
[2025-07-07T20:20:35.868+0000] {logging_mixin.py:188} INFO - [2025-07-07T20:20:35.868+0000] {dag.py:3823} INFO - Setting next_dagrun for pipeline_dbt to 2025-07-06 00:00:00+00:00, run_after=2025-07-07 00:00:00+00:00
[2025-07-07T20:20:35.888+0000] {processor.py:183} INFO - Processing /opt/airflow/dags/pipeline_dbt.py took 0.191 seconds
[2025-07-07T20:21:06.025+0000] {processor.py:161} INFO - Started process (PID=181) to work on /opt/airflow/dags/pipeline_dbt.py
[2025-07-07T20:21:06.026+0000] {processor.py:830} INFO - Processing file /opt/airflow/dags/pipeline_dbt.py for tasks to queue
[2025-07-07T20:21:06.027+0000] {logging_mixin.py:188} INFO - [2025-07-07T20:21:06.027+0000] {dagbag.py:538} INFO - Filling up the DagBag from /opt/airflow/dags/pipeline_dbt.py
[2025-07-07T20:21:06.042+0000] {processor.py:840} INFO - DAG(s) 'pipeline_dbt' retrieved from /opt/airflow/dags/pipeline_dbt.py
[2025-07-07T20:21:06.080+0000] {logging_mixin.py:188} INFO - [2025-07-07T20:21:06.080+0000] {dag.py:3036} INFO - Sync 1 DAGs
[2025-07-07T20:21:06.105+0000] {logging_mixin.py:188} INFO - [2025-07-07T20:21:06.105+0000] {dag.py:3823} INFO - Setting next_dagrun for pipeline_dbt to 2025-07-06 00:00:00+00:00, run_after=2025-07-07 00:00:00+00:00
[2025-07-07T20:21:06.125+0000] {processor.py:183} INFO - Processing /opt/airflow/dags/pipeline_dbt.py took 0.103 seconds
[2025-07-07T20:21:36.270+0000] {processor.py:161} INFO - Started process (PID=186) to work on /opt/airflow/dags/pipeline_dbt.py
[2025-07-07T20:21:36.272+0000] {processor.py:830} INFO - Processing file /opt/airflow/dags/pipeline_dbt.py for tasks to queue
[2025-07-07T20:21:36.273+0000] {logging_mixin.py:188} INFO - [2025-07-07T20:21:36.272+0000] {dagbag.py:538} INFO - Filling up the DagBag from /opt/airflow/dags/pipeline_dbt.py
[2025-07-07T20:21:36.288+0000] {processor.py:840} INFO - DAG(s) 'pipeline_dbt' retrieved from /opt/airflow/dags/pipeline_dbt.py
[2025-07-07T20:21:36.324+0000] {logging_mixin.py:188} INFO - [2025-07-07T20:21:36.324+0000] {dag.py:3036} INFO - Sync 1 DAGs
[2025-07-07T20:21:36.350+0000] {logging_mixin.py:188} INFO - [2025-07-07T20:21:36.349+0000] {dag.py:3823} INFO - Setting next_dagrun for pipeline_dbt to 2025-07-06 00:00:00+00:00, run_after=2025-07-07 00:00:00+00:00
[2025-07-07T20:21:36.372+0000] {processor.py:183} INFO - Processing /opt/airflow/dags/pipeline_dbt.py took 0.105 seconds
[2025-07-07T20:22:06.472+0000] {processor.py:161} INFO - Started process (PID=212) to work on /opt/airflow/dags/pipeline_dbt.py
[2025-07-07T20:22:06.474+0000] {processor.py:830} INFO - Processing file /opt/airflow/dags/pipeline_dbt.py for tasks to queue
[2025-07-07T20:22:06.475+0000] {logging_mixin.py:188} INFO - [2025-07-07T20:22:06.474+0000] {dagbag.py:538} INFO - Filling up the DagBag from /opt/airflow/dags/pipeline_dbt.py
[2025-07-07T20:22:06.487+0000] {processor.py:840} INFO - DAG(s) 'pipeline_dbt' retrieved from /opt/airflow/dags/pipeline_dbt.py
[2025-07-07T20:22:06.519+0000] {logging_mixin.py:188} INFO - [2025-07-07T20:22:06.518+0000] {dag.py:3036} INFO - Sync 1 DAGs
[2025-07-07T20:22:06.543+0000] {logging_mixin.py:188} INFO - [2025-07-07T20:22:06.543+0000] {dag.py:3823} INFO - Setting next_dagrun for pipeline_dbt to 2025-07-07 00:00:00+00:00, run_after=2025-07-08 00:00:00+00:00
[2025-07-07T20:22:06.562+0000] {processor.py:183} INFO - Processing /opt/airflow/dags/pipeline_dbt.py took 0.094 seconds
[2025-07-07T20:22:36.765+0000] {processor.py:161} INFO - Started process (PID=217) to work on /opt/airflow/dags/pipeline_dbt.py
[2025-07-07T20:22:36.766+0000] {processor.py:830} INFO - Processing file /opt/airflow/dags/pipeline_dbt.py for tasks to queue
[2025-07-07T20:22:36.767+0000] {logging_mixin.py:188} INFO - [2025-07-07T20:22:36.767+0000] {dagbag.py:538} INFO - Filling up the DagBag from /opt/airflow/dags/pipeline_dbt.py
[2025-07-07T20:22:36.780+0000] {processor.py:840} INFO - DAG(s) 'pipeline_dbt' retrieved from /opt/airflow/dags/pipeline_dbt.py
[2025-07-07T20:22:36.812+0000] {logging_mixin.py:188} INFO - [2025-07-07T20:22:36.812+0000] {dag.py:3036} INFO - Sync 1 DAGs
[2025-07-07T20:22:36.838+0000] {logging_mixin.py:188} INFO - [2025-07-07T20:22:36.838+0000] {dag.py:3823} INFO - Setting next_dagrun for pipeline_dbt to 2025-07-07 00:00:00+00:00, run_after=2025-07-08 00:00:00+00:00
[2025-07-07T20:22:36.859+0000] {processor.py:183} INFO - Processing /opt/airflow/dags/pipeline_dbt.py took 0.097 seconds
[2025-07-07T20:23:06.988+0000] {processor.py:161} INFO - Started process (PID=222) to work on /opt/airflow/dags/pipeline_dbt.py
[2025-07-07T20:23:06.990+0000] {processor.py:830} INFO - Processing file /opt/airflow/dags/pipeline_dbt.py for tasks to queue
[2025-07-07T20:23:06.991+0000] {logging_mixin.py:188} INFO - [2025-07-07T20:23:06.990+0000] {dagbag.py:538} INFO - Filling up the DagBag from /opt/airflow/dags/pipeline_dbt.py
[2025-07-07T20:23:07.008+0000] {processor.py:840} INFO - DAG(s) 'pipeline_dbt' retrieved from /opt/airflow/dags/pipeline_dbt.py
[2025-07-07T20:23:07.045+0000] {logging_mixin.py:188} INFO - [2025-07-07T20:23:07.045+0000] {dag.py:3036} INFO - Sync 1 DAGs
[2025-07-07T20:23:07.079+0000] {logging_mixin.py:188} INFO - [2025-07-07T20:23:07.079+0000] {dag.py:3823} INFO - Setting next_dagrun for pipeline_dbt to 2025-07-07 00:00:00+00:00, run_after=2025-07-08 00:00:00+00:00
[2025-07-07T20:23:07.098+0000] {processor.py:183} INFO - Processing /opt/airflow/dags/pipeline_dbt.py took 0.114 seconds
[2025-07-07T20:23:37.215+0000] {processor.py:161} INFO - Started process (PID=227) to work on /opt/airflow/dags/pipeline_dbt.py
[2025-07-07T20:23:37.217+0000] {processor.py:830} INFO - Processing file /opt/airflow/dags/pipeline_dbt.py for tasks to queue
[2025-07-07T20:23:37.218+0000] {logging_mixin.py:188} INFO - [2025-07-07T20:23:37.218+0000] {dagbag.py:538} INFO - Filling up the DagBag from /opt/airflow/dags/pipeline_dbt.py
[2025-07-07T20:23:37.235+0000] {processor.py:840} INFO - DAG(s) 'pipeline_dbt' retrieved from /opt/airflow/dags/pipeline_dbt.py
[2025-07-07T20:23:37.273+0000] {logging_mixin.py:188} INFO - [2025-07-07T20:23:37.272+0000] {dag.py:3036} INFO - Sync 1 DAGs
[2025-07-07T20:23:37.302+0000] {logging_mixin.py:188} INFO - [2025-07-07T20:23:37.302+0000] {dag.py:3823} INFO - Setting next_dagrun for pipeline_dbt to 2025-07-07 00:00:00+00:00, run_after=2025-07-08 00:00:00+00:00
[2025-07-07T20:23:37.323+0000] {processor.py:183} INFO - Processing /opt/airflow/dags/pipeline_dbt.py took 0.112 seconds
[2025-07-07T20:24:07.431+0000] {processor.py:161} INFO - Started process (PID=232) to work on /opt/airflow/dags/pipeline_dbt.py
[2025-07-07T20:24:07.432+0000] {processor.py:830} INFO - Processing file /opt/airflow/dags/pipeline_dbt.py for tasks to queue
[2025-07-07T20:24:07.433+0000] {logging_mixin.py:188} INFO - [2025-07-07T20:24:07.433+0000] {dagbag.py:538} INFO - Filling up the DagBag from /opt/airflow/dags/pipeline_dbt.py
[2025-07-07T20:24:07.445+0000] {processor.py:840} INFO - DAG(s) 'pipeline_dbt' retrieved from /opt/airflow/dags/pipeline_dbt.py
[2025-07-07T20:24:07.477+0000] {logging_mixin.py:188} INFO - [2025-07-07T20:24:07.477+0000] {dag.py:3036} INFO - Sync 1 DAGs
[2025-07-07T20:24:07.503+0000] {logging_mixin.py:188} INFO - [2025-07-07T20:24:07.503+0000] {dag.py:3823} INFO - Setting next_dagrun for pipeline_dbt to 2025-07-07 00:00:00+00:00, run_after=2025-07-08 00:00:00+00:00
[2025-07-07T20:24:07.523+0000] {processor.py:183} INFO - Processing /opt/airflow/dags/pipeline_dbt.py took 0.096 seconds
[2025-07-07T20:24:37.748+0000] {processor.py:161} INFO - Started process (PID=237) to work on /opt/airflow/dags/pipeline_dbt.py
[2025-07-07T20:24:37.750+0000] {processor.py:830} INFO - Processing file /opt/airflow/dags/pipeline_dbt.py for tasks to queue
[2025-07-07T20:24:37.751+0000] {logging_mixin.py:188} INFO - [2025-07-07T20:24:37.751+0000] {dagbag.py:538} INFO - Filling up the DagBag from /opt/airflow/dags/pipeline_dbt.py
[2025-07-07T20:24:37.763+0000] {processor.py:840} INFO - DAG(s) 'pipeline_dbt' retrieved from /opt/airflow/dags/pipeline_dbt.py
[2025-07-07T20:24:37.792+0000] {logging_mixin.py:188} INFO - [2025-07-07T20:24:37.792+0000] {dag.py:3036} INFO - Sync 1 DAGs
[2025-07-07T20:24:37.818+0000] {logging_mixin.py:188} INFO - [2025-07-07T20:24:37.818+0000] {dag.py:3823} INFO - Setting next_dagrun for pipeline_dbt to 2025-07-07 00:00:00+00:00, run_after=2025-07-08 00:00:00+00:00
[2025-07-07T20:24:37.838+0000] {processor.py:183} INFO - Processing /opt/airflow/dags/pipeline_dbt.py took 0.093 seconds
[2025-07-07T20:25:07.998+0000] {processor.py:161} INFO - Started process (PID=242) to work on /opt/airflow/dags/pipeline_dbt.py
[2025-07-07T20:25:08.000+0000] {processor.py:830} INFO - Processing file /opt/airflow/dags/pipeline_dbt.py for tasks to queue
[2025-07-07T20:25:08.001+0000] {logging_mixin.py:188} INFO - [2025-07-07T20:25:08.001+0000] {dagbag.py:538} INFO - Filling up the DagBag from /opt/airflow/dags/pipeline_dbt.py
[2025-07-07T20:25:08.016+0000] {processor.py:840} INFO - DAG(s) 'pipeline_dbt' retrieved from /opt/airflow/dags/pipeline_dbt.py
[2025-07-07T20:25:08.051+0000] {logging_mixin.py:188} INFO - [2025-07-07T20:25:08.051+0000] {dag.py:3036} INFO - Sync 1 DAGs
[2025-07-07T20:25:08.077+0000] {logging_mixin.py:188} INFO - [2025-07-07T20:25:08.077+0000] {dag.py:3823} INFO - Setting next_dagrun for pipeline_dbt to 2025-07-07 00:00:00+00:00, run_after=2025-07-08 00:00:00+00:00
[2025-07-07T20:25:08.098+0000] {processor.py:183} INFO - Processing /opt/airflow/dags/pipeline_dbt.py took 0.103 seconds
[2025-07-07T20:25:38.219+0000] {processor.py:161} INFO - Started process (PID=247) to work on /opt/airflow/dags/pipeline_dbt.py
[2025-07-07T20:25:38.221+0000] {processor.py:830} INFO - Processing file /opt/airflow/dags/pipeline_dbt.py for tasks to queue
[2025-07-07T20:25:38.222+0000] {logging_mixin.py:188} INFO - [2025-07-07T20:25:38.222+0000] {dagbag.py:538} INFO - Filling up the DagBag from /opt/airflow/dags/pipeline_dbt.py
[2025-07-07T20:25:38.235+0000] {processor.py:840} INFO - DAG(s) 'pipeline_dbt' retrieved from /opt/airflow/dags/pipeline_dbt.py
[2025-07-07T20:25:38.266+0000] {logging_mixin.py:188} INFO - [2025-07-07T20:25:38.266+0000] {dag.py:3036} INFO - Sync 1 DAGs
[2025-07-07T20:25:38.291+0000] {logging_mixin.py:188} INFO - [2025-07-07T20:25:38.290+0000] {dag.py:3823} INFO - Setting next_dagrun for pipeline_dbt to 2025-07-07 00:00:00+00:00, run_after=2025-07-08 00:00:00+00:00
[2025-07-07T20:25:38.313+0000] {processor.py:183} INFO - Processing /opt/airflow/dags/pipeline_dbt.py took 0.098 seconds
[2025-07-07T20:26:08.357+0000] {processor.py:161} INFO - Started process (PID=252) to work on /opt/airflow/dags/pipeline_dbt.py
[2025-07-07T20:26:08.359+0000] {processor.py:830} INFO - Processing file /opt/airflow/dags/pipeline_dbt.py for tasks to queue
[2025-07-07T20:26:08.360+0000] {logging_mixin.py:188} INFO - [2025-07-07T20:26:08.359+0000] {dagbag.py:538} INFO - Filling up the DagBag from /opt/airflow/dags/pipeline_dbt.py
[2025-07-07T20:26:08.373+0000] {processor.py:840} INFO - DAG(s) 'pipeline_dbt' retrieved from /opt/airflow/dags/pipeline_dbt.py
[2025-07-07T20:26:08.403+0000] {logging_mixin.py:188} INFO - [2025-07-07T20:26:08.403+0000] {dag.py:3036} INFO - Sync 1 DAGs
[2025-07-07T20:26:08.428+0000] {logging_mixin.py:188} INFO - [2025-07-07T20:26:08.428+0000] {dag.py:3823} INFO - Setting next_dagrun for pipeline_dbt to 2025-07-07 00:00:00+00:00, run_after=2025-07-08 00:00:00+00:00
[2025-07-07T20:26:08.449+0000] {processor.py:183} INFO - Processing /opt/airflow/dags/pipeline_dbt.py took 0.095 seconds
[2025-07-07T20:26:38.547+0000] {processor.py:161} INFO - Started process (PID=257) to work on /opt/airflow/dags/pipeline_dbt.py
[2025-07-07T20:26:38.548+0000] {processor.py:830} INFO - Processing file /opt/airflow/dags/pipeline_dbt.py for tasks to queue
[2025-07-07T20:26:38.549+0000] {logging_mixin.py:188} INFO - [2025-07-07T20:26:38.549+0000] {dagbag.py:538} INFO - Filling up the DagBag from /opt/airflow/dags/pipeline_dbt.py
[2025-07-07T20:26:38.562+0000] {processor.py:840} INFO - DAG(s) 'pipeline_dbt' retrieved from /opt/airflow/dags/pipeline_dbt.py
[2025-07-07T20:26:38.593+0000] {logging_mixin.py:188} INFO - [2025-07-07T20:26:38.592+0000] {dag.py:3036} INFO - Sync 1 DAGs
[2025-07-07T20:26:38.616+0000] {logging_mixin.py:188} INFO - [2025-07-07T20:26:38.616+0000] {dag.py:3823} INFO - Setting next_dagrun for pipeline_dbt to 2025-07-07 00:00:00+00:00, run_after=2025-07-08 00:00:00+00:00
[2025-07-07T20:26:38.634+0000] {processor.py:183} INFO - Processing /opt/airflow/dags/pipeline_dbt.py took 0.095 seconds
[2025-07-07T20:27:08.770+0000] {processor.py:161} INFO - Started process (PID=282) to work on /opt/airflow/dags/pipeline_dbt.py
[2025-07-07T20:27:08.771+0000] {processor.py:830} INFO - Processing file /opt/airflow/dags/pipeline_dbt.py for tasks to queue
[2025-07-07T20:27:08.772+0000] {logging_mixin.py:188} INFO - [2025-07-07T20:27:08.772+0000] {dagbag.py:538} INFO - Filling up the DagBag from /opt/airflow/dags/pipeline_dbt.py
[2025-07-07T20:27:08.784+0000] {processor.py:840} INFO - DAG(s) 'pipeline_dbt' retrieved from /opt/airflow/dags/pipeline_dbt.py
[2025-07-07T20:27:08.815+0000] {logging_mixin.py:188} INFO - [2025-07-07T20:27:08.815+0000] {dag.py:3036} INFO - Sync 1 DAGs
[2025-07-07T20:27:08.841+0000] {logging_mixin.py:188} INFO - [2025-07-07T20:27:08.841+0000] {dag.py:3823} INFO - Setting next_dagrun for pipeline_dbt to 2025-07-07 00:00:00+00:00, run_after=2025-07-08 00:00:00+00:00
[2025-07-07T20:27:08.861+0000] {processor.py:183} INFO - Processing /opt/airflow/dags/pipeline_dbt.py took 0.095 seconds
[2025-07-07T20:27:39.046+0000] {processor.py:161} INFO - Started process (PID=287) to work on /opt/airflow/dags/pipeline_dbt.py
[2025-07-07T20:27:39.048+0000] {processor.py:830} INFO - Processing file /opt/airflow/dags/pipeline_dbt.py for tasks to queue
[2025-07-07T20:27:39.050+0000] {logging_mixin.py:188} INFO - [2025-07-07T20:27:39.049+0000] {dagbag.py:538} INFO - Filling up the DagBag from /opt/airflow/dags/pipeline_dbt.py
[2025-07-07T20:27:39.065+0000] {processor.py:840} INFO - DAG(s) 'pipeline_dbt' retrieved from /opt/airflow/dags/pipeline_dbt.py
[2025-07-07T20:27:39.100+0000] {logging_mixin.py:188} INFO - [2025-07-07T20:27:39.100+0000] {dag.py:3036} INFO - Sync 1 DAGs
[2025-07-07T20:27:39.128+0000] {logging_mixin.py:188} INFO - [2025-07-07T20:27:39.127+0000] {dag.py:3823} INFO - Setting next_dagrun for pipeline_dbt to 2025-07-07 00:00:00+00:00, run_after=2025-07-08 00:00:00+00:00
[2025-07-07T20:27:39.148+0000] {processor.py:183} INFO - Processing /opt/airflow/dags/pipeline_dbt.py took 0.105 seconds
[2025-07-07T20:28:09.261+0000] {processor.py:161} INFO - Started process (PID=292) to work on /opt/airflow/dags/pipeline_dbt.py
[2025-07-07T20:28:09.263+0000] {processor.py:830} INFO - Processing file /opt/airflow/dags/pipeline_dbt.py for tasks to queue
[2025-07-07T20:28:09.264+0000] {logging_mixin.py:188} INFO - [2025-07-07T20:28:09.263+0000] {dagbag.py:538} INFO - Filling up the DagBag from /opt/airflow/dags/pipeline_dbt.py
[2025-07-07T20:28:09.277+0000] {processor.py:840} INFO - DAG(s) 'pipeline_dbt' retrieved from /opt/airflow/dags/pipeline_dbt.py
[2025-07-07T20:28:09.310+0000] {logging_mixin.py:188} INFO - [2025-07-07T20:28:09.309+0000] {dag.py:3036} INFO - Sync 1 DAGs
[2025-07-07T20:28:09.335+0000] {logging_mixin.py:188} INFO - [2025-07-07T20:28:09.335+0000] {dag.py:3823} INFO - Setting next_dagrun for pipeline_dbt to 2025-07-07 00:00:00+00:00, run_after=2025-07-08 00:00:00+00:00
[2025-07-07T20:28:09.355+0000] {processor.py:183} INFO - Processing /opt/airflow/dags/pipeline_dbt.py took 0.098 seconds
[2025-07-07T20:28:39.529+0000] {processor.py:161} INFO - Started process (PID=297) to work on /opt/airflow/dags/pipeline_dbt.py
[2025-07-07T20:28:39.531+0000] {processor.py:830} INFO - Processing file /opt/airflow/dags/pipeline_dbt.py for tasks to queue
[2025-07-07T20:28:39.532+0000] {logging_mixin.py:188} INFO - [2025-07-07T20:28:39.531+0000] {dagbag.py:538} INFO - Filling up the DagBag from /opt/airflow/dags/pipeline_dbt.py
[2025-07-07T20:28:39.544+0000] {processor.py:840} INFO - DAG(s) 'pipeline_dbt' retrieved from /opt/airflow/dags/pipeline_dbt.py
[2025-07-07T20:28:39.576+0000] {logging_mixin.py:188} INFO - [2025-07-07T20:28:39.575+0000] {dag.py:3036} INFO - Sync 1 DAGs
[2025-07-07T20:28:39.598+0000] {logging_mixin.py:188} INFO - [2025-07-07T20:28:39.598+0000] {dag.py:3823} INFO - Setting next_dagrun for pipeline_dbt to 2025-07-07 00:00:00+00:00, run_after=2025-07-08 00:00:00+00:00
[2025-07-07T20:28:39.618+0000] {processor.py:183} INFO - Processing /opt/airflow/dags/pipeline_dbt.py took 0.092 seconds
[2025-07-07T20:29:09.665+0000] {processor.py:161} INFO - Started process (PID=302) to work on /opt/airflow/dags/pipeline_dbt.py
[2025-07-07T20:29:09.667+0000] {processor.py:830} INFO - Processing file /opt/airflow/dags/pipeline_dbt.py for tasks to queue
[2025-07-07T20:29:09.668+0000] {logging_mixin.py:188} INFO - [2025-07-07T20:29:09.668+0000] {dagbag.py:538} INFO - Filling up the DagBag from /opt/airflow/dags/pipeline_dbt.py
[2025-07-07T20:29:09.684+0000] {processor.py:840} INFO - DAG(s) 'pipeline_dbt' retrieved from /opt/airflow/dags/pipeline_dbt.py
[2025-07-07T20:29:09.721+0000] {logging_mixin.py:188} INFO - [2025-07-07T20:29:09.720+0000] {dag.py:3036} INFO - Sync 1 DAGs
[2025-07-07T20:29:09.749+0000] {logging_mixin.py:188} INFO - [2025-07-07T20:29:09.749+0000] {dag.py:3823} INFO - Setting next_dagrun for pipeline_dbt to 2025-07-07 00:00:00+00:00, run_after=2025-07-08 00:00:00+00:00
[2025-07-07T20:29:09.768+0000] {processor.py:183} INFO - Processing /opt/airflow/dags/pipeline_dbt.py took 0.110 seconds
[2025-07-07T20:29:39.801+0000] {processor.py:161} INFO - Started process (PID=307) to work on /opt/airflow/dags/pipeline_dbt.py
[2025-07-07T20:29:39.803+0000] {processor.py:830} INFO - Processing file /opt/airflow/dags/pipeline_dbt.py for tasks to queue
[2025-07-07T20:29:39.804+0000] {logging_mixin.py:188} INFO - [2025-07-07T20:29:39.803+0000] {dagbag.py:538} INFO - Filling up the DagBag from /opt/airflow/dags/pipeline_dbt.py
[2025-07-07T20:29:39.817+0000] {processor.py:840} INFO - DAG(s) 'pipeline_dbt' retrieved from /opt/airflow/dags/pipeline_dbt.py
[2025-07-07T20:29:39.856+0000] {logging_mixin.py:188} INFO - [2025-07-07T20:29:39.856+0000] {dag.py:3036} INFO - Sync 1 DAGs
[2025-07-07T20:29:39.882+0000] {logging_mixin.py:188} INFO - [2025-07-07T20:29:39.882+0000] {dag.py:3823} INFO - Setting next_dagrun for pipeline_dbt to 2025-07-07 00:00:00+00:00, run_after=2025-07-08 00:00:00+00:00
[2025-07-07T20:29:39.904+0000] {processor.py:183} INFO - Processing /opt/airflow/dags/pipeline_dbt.py took 0.107 seconds
[2025-07-07T20:31:27.190+0000] {processor.py:161} INFO - Started process (PID=170) to work on /opt/airflow/dags/pipeline_dbt.py
[2025-07-07T20:31:27.193+0000] {processor.py:830} INFO - Processing file /opt/airflow/dags/pipeline_dbt.py for tasks to queue
[2025-07-07T20:31:27.194+0000] {logging_mixin.py:188} INFO - [2025-07-07T20:31:27.194+0000] {dagbag.py:538} INFO - Filling up the DagBag from /opt/airflow/dags/pipeline_dbt.py
[2025-07-07T20:31:27.227+0000] {processor.py:840} INFO - DAG(s) 'pipeline_dbt' retrieved from /opt/airflow/dags/pipeline_dbt.py
[2025-07-07T20:31:27.276+0000] {logging_mixin.py:188} INFO - [2025-07-07T20:31:27.275+0000] {dag.py:3036} INFO - Sync 1 DAGs
[2025-07-07T20:31:27.303+0000] {logging_mixin.py:188} INFO - [2025-07-07T20:31:27.303+0000] {dag.py:3823} INFO - Setting next_dagrun for pipeline_dbt to 2025-07-07 00:00:00+00:00, run_after=2025-07-08 00:00:00+00:00
[2025-07-07T20:31:27.322+0000] {processor.py:183} INFO - Processing /opt/airflow/dags/pipeline_dbt.py took 0.136 seconds
[2025-07-07T20:31:57.383+0000] {processor.py:161} INFO - Started process (PID=176) to work on /opt/airflow/dags/pipeline_dbt.py
[2025-07-07T20:31:57.385+0000] {processor.py:830} INFO - Processing file /opt/airflow/dags/pipeline_dbt.py for tasks to queue
[2025-07-07T20:31:57.387+0000] {logging_mixin.py:188} INFO - [2025-07-07T20:31:57.386+0000] {dagbag.py:538} INFO - Filling up the DagBag from /opt/airflow/dags/pipeline_dbt.py
[2025-07-07T20:31:57.404+0000] {processor.py:840} INFO - DAG(s) 'pipeline_dbt' retrieved from /opt/airflow/dags/pipeline_dbt.py
[2025-07-07T20:31:57.525+0000] {logging_mixin.py:188} INFO - [2025-07-07T20:31:57.525+0000] {dag.py:3036} INFO - Sync 1 DAGs
[2025-07-07T20:31:57.549+0000] {logging_mixin.py:188} INFO - [2025-07-07T20:31:57.549+0000] {dag.py:3823} INFO - Setting next_dagrun for pipeline_dbt to 2025-07-07 00:00:00+00:00, run_after=2025-07-08 00:00:00+00:00
[2025-07-07T20:31:57.569+0000] {processor.py:183} INFO - Processing /opt/airflow/dags/pipeline_dbt.py took 0.190 seconds
[2025-07-07T20:32:27.736+0000] {processor.py:161} INFO - Started process (PID=181) to work on /opt/airflow/dags/pipeline_dbt.py
[2025-07-07T20:32:27.737+0000] {processor.py:830} INFO - Processing file /opt/airflow/dags/pipeline_dbt.py for tasks to queue
[2025-07-07T20:32:27.738+0000] {logging_mixin.py:188} INFO - [2025-07-07T20:32:27.738+0000] {dagbag.py:538} INFO - Filling up the DagBag from /opt/airflow/dags/pipeline_dbt.py
[2025-07-07T20:32:27.753+0000] {processor.py:840} INFO - DAG(s) 'pipeline_dbt' retrieved from /opt/airflow/dags/pipeline_dbt.py
[2025-07-07T20:32:27.790+0000] {logging_mixin.py:188} INFO - [2025-07-07T20:32:27.789+0000] {dag.py:3036} INFO - Sync 1 DAGs
[2025-07-07T20:32:27.815+0000] {logging_mixin.py:188} INFO - [2025-07-07T20:32:27.815+0000] {dag.py:3823} INFO - Setting next_dagrun for pipeline_dbt to 2025-07-07 00:00:00+00:00, run_after=2025-07-08 00:00:00+00:00
[2025-07-07T20:32:27.837+0000] {processor.py:183} INFO - Processing /opt/airflow/dags/pipeline_dbt.py took 0.105 seconds
[2025-07-07T20:32:57.995+0000] {processor.py:161} INFO - Started process (PID=186) to work on /opt/airflow/dags/pipeline_dbt.py
[2025-07-07T20:32:57.996+0000] {processor.py:830} INFO - Processing file /opt/airflow/dags/pipeline_dbt.py for tasks to queue
[2025-07-07T20:32:57.997+0000] {logging_mixin.py:188} INFO - [2025-07-07T20:32:57.997+0000] {dagbag.py:538} INFO - Filling up the DagBag from /opt/airflow/dags/pipeline_dbt.py
[2025-07-07T20:32:58.013+0000] {processor.py:840} INFO - DAG(s) 'pipeline_dbt' retrieved from /opt/airflow/dags/pipeline_dbt.py
[2025-07-07T20:32:58.051+0000] {logging_mixin.py:188} INFO - [2025-07-07T20:32:58.051+0000] {dag.py:3036} INFO - Sync 1 DAGs
[2025-07-07T20:32:58.079+0000] {logging_mixin.py:188} INFO - [2025-07-07T20:32:58.078+0000] {dag.py:3823} INFO - Setting next_dagrun for pipeline_dbt to 2025-07-07 00:00:00+00:00, run_after=2025-07-08 00:00:00+00:00
[2025-07-07T20:32:58.098+0000] {processor.py:183} INFO - Processing /opt/airflow/dags/pipeline_dbt.py took 0.107 seconds
[2025-07-07T20:33:28.265+0000] {processor.py:161} INFO - Started process (PID=191) to work on /opt/airflow/dags/pipeline_dbt.py
[2025-07-07T20:33:28.266+0000] {processor.py:830} INFO - Processing file /opt/airflow/dags/pipeline_dbt.py for tasks to queue
[2025-07-07T20:33:28.267+0000] {logging_mixin.py:188} INFO - [2025-07-07T20:33:28.267+0000] {dagbag.py:538} INFO - Filling up the DagBag from /opt/airflow/dags/pipeline_dbt.py
[2025-07-07T20:33:28.279+0000] {processor.py:840} INFO - DAG(s) 'pipeline_dbt' retrieved from /opt/airflow/dags/pipeline_dbt.py
[2025-07-07T20:33:28.309+0000] {logging_mixin.py:188} INFO - [2025-07-07T20:33:28.309+0000] {dag.py:3036} INFO - Sync 1 DAGs
[2025-07-07T20:33:28.334+0000] {logging_mixin.py:188} INFO - [2025-07-07T20:33:28.333+0000] {dag.py:3823} INFO - Setting next_dagrun for pipeline_dbt to 2025-07-07 00:00:00+00:00, run_after=2025-07-08 00:00:00+00:00
[2025-07-07T20:33:28.354+0000] {processor.py:183} INFO - Processing /opt/airflow/dags/pipeline_dbt.py took 0.092 seconds
[2025-07-07T20:33:58.510+0000] {processor.py:161} INFO - Started process (PID=196) to work on /opt/airflow/dags/pipeline_dbt.py
[2025-07-07T20:33:58.510+0000] {processor.py:830} INFO - Processing file /opt/airflow/dags/pipeline_dbt.py for tasks to queue
[2025-07-07T20:33:58.511+0000] {logging_mixin.py:188} INFO - [2025-07-07T20:33:58.511+0000] {dagbag.py:538} INFO - Filling up the DagBag from /opt/airflow/dags/pipeline_dbt.py
[2025-07-07T20:33:58.526+0000] {processor.py:840} INFO - DAG(s) 'pipeline_dbt' retrieved from /opt/airflow/dags/pipeline_dbt.py
[2025-07-07T20:33:58.564+0000] {logging_mixin.py:188} INFO - [2025-07-07T20:33:58.563+0000] {dag.py:3036} INFO - Sync 1 DAGs
[2025-07-07T20:33:58.592+0000] {logging_mixin.py:188} INFO - [2025-07-07T20:33:58.591+0000] {dag.py:3823} INFO - Setting next_dagrun for pipeline_dbt to 2025-07-07 00:00:00+00:00, run_after=2025-07-08 00:00:00+00:00
[2025-07-07T20:33:58.611+0000] {processor.py:183} INFO - Processing /opt/airflow/dags/pipeline_dbt.py took 0.104 seconds
[2025-07-07T20:34:28.647+0000] {processor.py:161} INFO - Started process (PID=201) to work on /opt/airflow/dags/pipeline_dbt.py
[2025-07-07T20:34:28.648+0000] {processor.py:830} INFO - Processing file /opt/airflow/dags/pipeline_dbt.py for tasks to queue
[2025-07-07T20:34:28.649+0000] {logging_mixin.py:188} INFO - [2025-07-07T20:34:28.649+0000] {dagbag.py:538} INFO - Filling up the DagBag from /opt/airflow/dags/pipeline_dbt.py
[2025-07-07T20:34:28.662+0000] {processor.py:840} INFO - DAG(s) 'pipeline_dbt' retrieved from /opt/airflow/dags/pipeline_dbt.py
[2025-07-07T20:34:28.696+0000] {logging_mixin.py:188} INFO - [2025-07-07T20:34:28.696+0000] {dag.py:3036} INFO - Sync 1 DAGs
[2025-07-07T20:34:28.721+0000] {logging_mixin.py:188} INFO - [2025-07-07T20:34:28.721+0000] {dag.py:3823} INFO - Setting next_dagrun for pipeline_dbt to 2025-07-07 00:00:00+00:00, run_after=2025-07-08 00:00:00+00:00
[2025-07-07T20:34:28.740+0000] {processor.py:183} INFO - Processing /opt/airflow/dags/pipeline_dbt.py took 0.097 seconds
[2025-07-07T20:34:58.930+0000] {processor.py:161} INFO - Started process (PID=206) to work on /opt/airflow/dags/pipeline_dbt.py
[2025-07-07T20:34:58.931+0000] {processor.py:830} INFO - Processing file /opt/airflow/dags/pipeline_dbt.py for tasks to queue
[2025-07-07T20:34:58.933+0000] {logging_mixin.py:188} INFO - [2025-07-07T20:34:58.932+0000] {dagbag.py:538} INFO - Filling up the DagBag from /opt/airflow/dags/pipeline_dbt.py
[2025-07-07T20:34:58.947+0000] {processor.py:840} INFO - DAG(s) 'pipeline_dbt' retrieved from /opt/airflow/dags/pipeline_dbt.py
[2025-07-07T20:34:58.979+0000] {logging_mixin.py:188} INFO - [2025-07-07T20:34:58.979+0000] {dag.py:3036} INFO - Sync 1 DAGs
[2025-07-07T20:34:59.005+0000] {logging_mixin.py:188} INFO - [2025-07-07T20:34:59.004+0000] {dag.py:3823} INFO - Setting next_dagrun for pipeline_dbt to 2025-07-07 00:00:00+00:00, run_after=2025-07-08 00:00:00+00:00
[2025-07-07T20:34:59.025+0000] {processor.py:183} INFO - Processing /opt/airflow/dags/pipeline_dbt.py took 0.102 seconds
[2025-07-07T20:35:29.302+0000] {processor.py:161} INFO - Started process (PID=211) to work on /opt/airflow/dags/pipeline_dbt.py
[2025-07-07T20:35:29.303+0000] {processor.py:830} INFO - Processing file /opt/airflow/dags/pipeline_dbt.py for tasks to queue
[2025-07-07T20:35:29.304+0000] {logging_mixin.py:188} INFO - [2025-07-07T20:35:29.304+0000] {dagbag.py:538} INFO - Filling up the DagBag from /opt/airflow/dags/pipeline_dbt.py
[2025-07-07T20:35:29.316+0000] {processor.py:840} INFO - DAG(s) 'pipeline_dbt' retrieved from /opt/airflow/dags/pipeline_dbt.py
[2025-07-07T20:35:29.352+0000] {logging_mixin.py:188} INFO - [2025-07-07T20:35:29.352+0000] {dag.py:3036} INFO - Sync 1 DAGs
[2025-07-07T20:35:29.378+0000] {logging_mixin.py:188} INFO - [2025-07-07T20:35:29.378+0000] {dag.py:3823} INFO - Setting next_dagrun for pipeline_dbt to 2025-07-07 00:00:00+00:00, run_after=2025-07-08 00:00:00+00:00
[2025-07-07T20:35:29.398+0000] {processor.py:183} INFO - Processing /opt/airflow/dags/pipeline_dbt.py took 0.099 seconds
[2025-07-07T20:35:59.646+0000] {processor.py:161} INFO - Started process (PID=216) to work on /opt/airflow/dags/pipeline_dbt.py
[2025-07-07T20:35:59.648+0000] {processor.py:830} INFO - Processing file /opt/airflow/dags/pipeline_dbt.py for tasks to queue
[2025-07-07T20:35:59.649+0000] {logging_mixin.py:188} INFO - [2025-07-07T20:35:59.649+0000] {dagbag.py:538} INFO - Filling up the DagBag from /opt/airflow/dags/pipeline_dbt.py
[2025-07-07T20:35:59.665+0000] {processor.py:840} INFO - DAG(s) 'pipeline_dbt' retrieved from /opt/airflow/dags/pipeline_dbt.py
[2025-07-07T20:35:59.700+0000] {logging_mixin.py:188} INFO - [2025-07-07T20:35:59.700+0000] {dag.py:3036} INFO - Sync 1 DAGs
[2025-07-07T20:35:59.726+0000] {logging_mixin.py:188} INFO - [2025-07-07T20:35:59.725+0000] {dag.py:3823} INFO - Setting next_dagrun for pipeline_dbt to 2025-07-07 00:00:00+00:00, run_after=2025-07-08 00:00:00+00:00
[2025-07-07T20:35:59.746+0000] {processor.py:183} INFO - Processing /opt/airflow/dags/pipeline_dbt.py took 0.104 seconds
[2025-07-07T20:36:29.896+0000] {processor.py:161} INFO - Started process (PID=221) to work on /opt/airflow/dags/pipeline_dbt.py
[2025-07-07T20:36:29.897+0000] {processor.py:830} INFO - Processing file /opt/airflow/dags/pipeline_dbt.py for tasks to queue
[2025-07-07T20:36:29.898+0000] {logging_mixin.py:188} INFO - [2025-07-07T20:36:29.898+0000] {dagbag.py:538} INFO - Filling up the DagBag from /opt/airflow/dags/pipeline_dbt.py
[2025-07-07T20:36:29.911+0000] {processor.py:840} INFO - DAG(s) 'pipeline_dbt' retrieved from /opt/airflow/dags/pipeline_dbt.py
[2025-07-07T20:36:29.944+0000] {logging_mixin.py:188} INFO - [2025-07-07T20:36:29.944+0000] {dag.py:3036} INFO - Sync 1 DAGs
[2025-07-07T20:36:29.971+0000] {logging_mixin.py:188} INFO - [2025-07-07T20:36:29.970+0000] {dag.py:3823} INFO - Setting next_dagrun for pipeline_dbt to 2025-07-07 00:00:00+00:00, run_after=2025-07-08 00:00:00+00:00
[2025-07-07T20:36:29.991+0000] {processor.py:183} INFO - Processing /opt/airflow/dags/pipeline_dbt.py took 0.099 seconds
[2025-07-07T20:37:00.080+0000] {processor.py:161} INFO - Started process (PID=226) to work on /opt/airflow/dags/pipeline_dbt.py
[2025-07-07T20:37:00.081+0000] {processor.py:830} INFO - Processing file /opt/airflow/dags/pipeline_dbt.py for tasks to queue
[2025-07-07T20:37:00.081+0000] {logging_mixin.py:188} INFO - [2025-07-07T20:37:00.081+0000] {dagbag.py:538} INFO - Filling up the DagBag from /opt/airflow/dags/pipeline_dbt.py
[2025-07-07T20:37:00.096+0000] {processor.py:840} INFO - DAG(s) 'pipeline_dbt' retrieved from /opt/airflow/dags/pipeline_dbt.py
[2025-07-07T20:37:00.130+0000] {logging_mixin.py:188} INFO - [2025-07-07T20:37:00.130+0000] {dag.py:3036} INFO - Sync 1 DAGs
[2025-07-07T20:37:00.156+0000] {logging_mixin.py:188} INFO - [2025-07-07T20:37:00.155+0000] {dag.py:3823} INFO - Setting next_dagrun for pipeline_dbt to 2025-07-07 00:00:00+00:00, run_after=2025-07-08 00:00:00+00:00
[2025-07-07T20:37:00.176+0000] {processor.py:183} INFO - Processing /opt/airflow/dags/pipeline_dbt.py took 0.099 seconds
[2025-07-07T20:37:30.335+0000] {processor.py:161} INFO - Started process (PID=231) to work on /opt/airflow/dags/pipeline_dbt.py
[2025-07-07T20:37:30.337+0000] {processor.py:830} INFO - Processing file /opt/airflow/dags/pipeline_dbt.py for tasks to queue
[2025-07-07T20:37:30.338+0000] {logging_mixin.py:188} INFO - [2025-07-07T20:37:30.337+0000] {dagbag.py:538} INFO - Filling up the DagBag from /opt/airflow/dags/pipeline_dbt.py
[2025-07-07T20:37:30.350+0000] {processor.py:840} INFO - DAG(s) 'pipeline_dbt' retrieved from /opt/airflow/dags/pipeline_dbt.py
[2025-07-07T20:37:30.381+0000] {logging_mixin.py:188} INFO - [2025-07-07T20:37:30.381+0000] {dag.py:3036} INFO - Sync 1 DAGs
[2025-07-07T20:37:30.405+0000] {logging_mixin.py:188} INFO - [2025-07-07T20:37:30.405+0000] {dag.py:3823} INFO - Setting next_dagrun for pipeline_dbt to 2025-07-07 00:00:00+00:00, run_after=2025-07-08 00:00:00+00:00
[2025-07-07T20:37:30.424+0000] {processor.py:183} INFO - Processing /opt/airflow/dags/pipeline_dbt.py took 0.092 seconds
[2025-07-07T20:38:00.467+0000] {processor.py:161} INFO - Started process (PID=236) to work on /opt/airflow/dags/pipeline_dbt.py
[2025-07-07T20:38:00.468+0000] {processor.py:830} INFO - Processing file /opt/airflow/dags/pipeline_dbt.py for tasks to queue
[2025-07-07T20:38:00.469+0000] {logging_mixin.py:188} INFO - [2025-07-07T20:38:00.469+0000] {dagbag.py:538} INFO - Filling up the DagBag from /opt/airflow/dags/pipeline_dbt.py
[2025-07-07T20:38:00.482+0000] {processor.py:840} INFO - DAG(s) 'pipeline_dbt' retrieved from /opt/airflow/dags/pipeline_dbt.py
[2025-07-07T20:38:00.511+0000] {logging_mixin.py:188} INFO - [2025-07-07T20:38:00.511+0000] {dag.py:3036} INFO - Sync 1 DAGs
[2025-07-07T20:38:00.535+0000] {logging_mixin.py:188} INFO - [2025-07-07T20:38:00.535+0000] {dag.py:3823} INFO - Setting next_dagrun for pipeline_dbt to 2025-07-07 00:00:00+00:00, run_after=2025-07-08 00:00:00+00:00
[2025-07-07T20:38:00.553+0000] {processor.py:183} INFO - Processing /opt/airflow/dags/pipeline_dbt.py took 0.091 seconds
