[2025-08-20T02:13:56.153+0000] {processor.py:161} INFO - Started process (PID=166) to work on /opt/airflow/dags/pipeline_dbt.py
[2025-08-20T02:13:56.155+0000] {processor.py:830} INFO - Processing file /opt/airflow/dags/pipeline_dbt.py for tasks to queue
[2025-08-20T02:13:56.157+0000] {logging_mixin.py:188} INFO - [2025-08-20T02:13:56.156+0000] {dagbag.py:538} INFO - Filling up the DagBag from /opt/airflow/dags/pipeline_dbt.py
[2025-08-20T02:13:56.200+0000] {processor.py:840} INFO - DAG(s) 'pipeline_dbt' retrieved from /opt/airflow/dags/pipeline_dbt.py
[2025-08-20T02:13:56.641+0000] {logging_mixin.py:188} INFO - [2025-08-20T02:13:56.640+0000] {override.py:1769} INFO - Created Permission View: can read on DAG:pipeline_dbt
[2025-08-20T02:13:56.657+0000] {logging_mixin.py:188} INFO - [2025-08-20T02:13:56.656+0000] {override.py:1769} INFO - Created Permission View: can edit on DAG:pipeline_dbt
[2025-08-20T02:13:56.669+0000] {logging_mixin.py:188} INFO - [2025-08-20T02:13:56.669+0000] {override.py:1769} INFO - Created Permission View: can delete on DAG:pipeline_dbt
[2025-08-20T02:13:56.670+0000] {logging_mixin.py:188} INFO - [2025-08-20T02:13:56.670+0000] {dag.py:3036} INFO - Sync 1 DAGs
[2025-08-20T02:13:56.691+0000] {logging_mixin.py:188} INFO - [2025-08-20T02:13:56.691+0000] {dag.py:3058} INFO - Creating ORM DAG for pipeline_dbt
[2025-08-20T02:13:56.709+0000] {logging_mixin.py:188} INFO - [2025-08-20T02:13:56.709+0000] {dag.py:3823} INFO - Setting next_dagrun for pipeline_dbt to 2025-08-19 00:00:00+00:00, run_after=2025-08-20 00:00:00+00:00
[2025-08-20T02:13:56.738+0000] {processor.py:183} INFO - Processing /opt/airflow/dags/pipeline_dbt.py took 0.593 seconds
[2025-08-20T02:14:26.948+0000] {processor.py:161} INFO - Started process (PID=172) to work on /opt/airflow/dags/pipeline_dbt.py
[2025-08-20T02:14:26.950+0000] {processor.py:830} INFO - Processing file /opt/airflow/dags/pipeline_dbt.py for tasks to queue
[2025-08-20T02:14:26.952+0000] {logging_mixin.py:188} INFO - [2025-08-20T02:14:26.952+0000] {dagbag.py:538} INFO - Filling up the DagBag from /opt/airflow/dags/pipeline_dbt.py
[2025-08-20T02:14:26.974+0000] {processor.py:840} INFO - DAG(s) 'pipeline_dbt' retrieved from /opt/airflow/dags/pipeline_dbt.py
[2025-08-20T02:14:27.046+0000] {logging_mixin.py:188} INFO - [2025-08-20T02:14:27.046+0000] {dag.py:3036} INFO - Sync 1 DAGs
[2025-08-20T02:14:27.123+0000] {logging_mixin.py:188} INFO - [2025-08-20T02:14:27.123+0000] {dag.py:3823} INFO - Setting next_dagrun for pipeline_dbt to 2025-08-19 00:00:00+00:00, run_after=2025-08-20 00:00:00+00:00
[2025-08-20T02:14:27.156+0000] {processor.py:183} INFO - Processing /opt/airflow/dags/pipeline_dbt.py took 0.216 seconds
[2025-08-20T02:14:57.326+0000] {processor.py:161} INFO - Started process (PID=177) to work on /opt/airflow/dags/pipeline_dbt.py
[2025-08-20T02:14:57.328+0000] {processor.py:830} INFO - Processing file /opt/airflow/dags/pipeline_dbt.py for tasks to queue
[2025-08-20T02:14:57.330+0000] {logging_mixin.py:188} INFO - [2025-08-20T02:14:57.329+0000] {dagbag.py:538} INFO - Filling up the DagBag from /opt/airflow/dags/pipeline_dbt.py
[2025-08-20T02:14:57.354+0000] {processor.py:840} INFO - DAG(s) 'pipeline_dbt' retrieved from /opt/airflow/dags/pipeline_dbt.py
[2025-08-20T02:14:57.404+0000] {logging_mixin.py:188} INFO - [2025-08-20T02:14:57.404+0000] {dag.py:3036} INFO - Sync 1 DAGs
[2025-08-20T02:14:57.442+0000] {logging_mixin.py:188} INFO - [2025-08-20T02:14:57.441+0000] {dag.py:3823} INFO - Setting next_dagrun for pipeline_dbt to 2025-08-19 00:00:00+00:00, run_after=2025-08-20 00:00:00+00:00
[2025-08-20T02:14:57.475+0000] {processor.py:183} INFO - Processing /opt/airflow/dags/pipeline_dbt.py took 0.156 seconds
[2025-08-20T02:15:31.602+0000] {processor.py:161} INFO - Started process (PID=182) to work on /opt/airflow/dags/pipeline_dbt.py
[2025-08-20T02:15:31.604+0000] {processor.py:830} INFO - Processing file /opt/airflow/dags/pipeline_dbt.py for tasks to queue
[2025-08-20T02:15:31.606+0000] {logging_mixin.py:188} INFO - [2025-08-20T02:15:31.605+0000] {dagbag.py:538} INFO - Filling up the DagBag from /opt/airflow/dags/pipeline_dbt.py
[2025-08-20T02:15:31.628+0000] {processor.py:840} INFO - DAG(s) 'pipeline_dbt' retrieved from /opt/airflow/dags/pipeline_dbt.py
[2025-08-20T02:15:22.937+0000] {logging_mixin.py:188} INFO - [2025-08-20T02:15:22.937+0000] {dag.py:3036} INFO - Sync 1 DAGs
[2025-08-20T02:15:22.979+0000] {logging_mixin.py:188} INFO - [2025-08-20T02:15:22.978+0000] {dag.py:3823} INFO - Setting next_dagrun for pipeline_dbt to 2025-08-19 00:00:00+00:00, run_after=2025-08-20 00:00:00+00:00
[2025-08-20T02:15:23.011+0000] {processor.py:183} INFO - Processing /opt/airflow/dags/pipeline_dbt.py took 0.159 seconds
[2025-08-20T02:15:56.594+0000] {processor.py:161} INFO - Started process (PID=207) to work on /opt/airflow/dags/pipeline_dbt.py
[2025-08-20T02:15:56.597+0000] {processor.py:830} INFO - Processing file /opt/airflow/dags/pipeline_dbt.py for tasks to queue
[2025-08-20T02:15:56.598+0000] {logging_mixin.py:188} INFO - [2025-08-20T02:15:56.598+0000] {dagbag.py:538} INFO - Filling up the DagBag from /opt/airflow/dags/pipeline_dbt.py
[2025-08-20T02:15:56.624+0000] {processor.py:840} INFO - DAG(s) 'pipeline_dbt' retrieved from /opt/airflow/dags/pipeline_dbt.py
[2025-08-20T02:15:47.895+0000] {logging_mixin.py:188} INFO - [2025-08-20T02:15:47.895+0000] {dag.py:3036} INFO - Sync 1 DAGs
[2025-08-20T02:15:47.932+0000] {logging_mixin.py:188} INFO - [2025-08-20T02:15:47.932+0000] {dag.py:3823} INFO - Setting next_dagrun for pipeline_dbt to 2025-08-20 00:00:00+00:00, run_after=2025-08-21 00:00:00+00:00
[2025-08-20T02:15:47.961+0000] {processor.py:183} INFO - Processing /opt/airflow/dags/pipeline_dbt.py took 0.154 seconds
[2025-08-20T02:16:18.236+0000] {processor.py:161} INFO - Started process (PID=212) to work on /opt/airflow/dags/pipeline_dbt.py
[2025-08-20T02:16:18.239+0000] {processor.py:830} INFO - Processing file /opt/airflow/dags/pipeline_dbt.py for tasks to queue
[2025-08-20T02:16:18.241+0000] {logging_mixin.py:188} INFO - [2025-08-20T02:16:18.241+0000] {dagbag.py:538} INFO - Filling up the DagBag from /opt/airflow/dags/pipeline_dbt.py
[2025-08-20T02:16:18.260+0000] {processor.py:840} INFO - DAG(s) 'pipeline_dbt' retrieved from /opt/airflow/dags/pipeline_dbt.py
[2025-08-20T02:16:18.308+0000] {logging_mixin.py:188} INFO - [2025-08-20T02:16:18.308+0000] {dag.py:3036} INFO - Sync 1 DAGs
[2025-08-20T02:16:18.347+0000] {logging_mixin.py:188} INFO - [2025-08-20T02:16:18.346+0000] {dag.py:3823} INFO - Setting next_dagrun for pipeline_dbt to 2025-08-20 00:00:00+00:00, run_after=2025-08-21 00:00:00+00:00
[2025-08-20T02:16:18.375+0000] {processor.py:183} INFO - Processing /opt/airflow/dags/pipeline_dbt.py took 0.146 seconds
[2025-08-20T02:16:48.767+0000] {processor.py:161} INFO - Started process (PID=217) to work on /opt/airflow/dags/pipeline_dbt.py
[2025-08-20T02:16:48.769+0000] {processor.py:830} INFO - Processing file /opt/airflow/dags/pipeline_dbt.py for tasks to queue
[2025-08-20T02:16:48.772+0000] {logging_mixin.py:188} INFO - [2025-08-20T02:16:48.771+0000] {dagbag.py:538} INFO - Filling up the DagBag from /opt/airflow/dags/pipeline_dbt.py
[2025-08-20T02:16:48.804+0000] {processor.py:840} INFO - DAG(s) 'pipeline_dbt' retrieved from /opt/airflow/dags/pipeline_dbt.py
[2025-08-20T02:16:48.853+0000] {logging_mixin.py:188} INFO - [2025-08-20T02:16:48.852+0000] {dag.py:3036} INFO - Sync 1 DAGs
[2025-08-20T02:16:48.890+0000] {logging_mixin.py:188} INFO - [2025-08-20T02:16:48.890+0000] {dag.py:3823} INFO - Setting next_dagrun for pipeline_dbt to 2025-08-20 00:00:00+00:00, run_after=2025-08-21 00:00:00+00:00
[2025-08-20T02:16:48.923+0000] {processor.py:183} INFO - Processing /opt/airflow/dags/pipeline_dbt.py took 0.165 seconds
[2025-08-20T02:17:19.164+0000] {processor.py:161} INFO - Started process (PID=222) to work on /opt/airflow/dags/pipeline_dbt.py
[2025-08-20T02:17:19.166+0000] {processor.py:830} INFO - Processing file /opt/airflow/dags/pipeline_dbt.py for tasks to queue
[2025-08-20T02:17:19.169+0000] {logging_mixin.py:188} INFO - [2025-08-20T02:17:19.168+0000] {dagbag.py:538} INFO - Filling up the DagBag from /opt/airflow/dags/pipeline_dbt.py
[2025-08-20T02:17:19.192+0000] {processor.py:840} INFO - DAG(s) 'pipeline_dbt' retrieved from /opt/airflow/dags/pipeline_dbt.py
[2025-08-20T02:17:19.234+0000] {logging_mixin.py:188} INFO - [2025-08-20T02:17:19.233+0000] {dag.py:3036} INFO - Sync 1 DAGs
[2025-08-20T02:17:19.270+0000] {logging_mixin.py:188} INFO - [2025-08-20T02:17:19.269+0000] {dag.py:3823} INFO - Setting next_dagrun for pipeline_dbt to 2025-08-20 00:00:00+00:00, run_after=2025-08-21 00:00:00+00:00
[2025-08-20T02:17:19.300+0000] {processor.py:183} INFO - Processing /opt/airflow/dags/pipeline_dbt.py took 0.147 seconds
[2025-08-20T02:17:51.746+0000] {processor.py:161} INFO - Started process (PID=227) to work on /opt/airflow/dags/pipeline_dbt.py
[2025-08-20T02:17:51.748+0000] {processor.py:830} INFO - Processing file /opt/airflow/dags/pipeline_dbt.py for tasks to queue
[2025-08-20T02:17:51.750+0000] {logging_mixin.py:188} INFO - [2025-08-20T02:17:51.749+0000] {dagbag.py:538} INFO - Filling up the DagBag from /opt/airflow/dags/pipeline_dbt.py
[2025-08-20T02:17:51.776+0000] {processor.py:840} INFO - DAG(s) 'pipeline_dbt' retrieved from /opt/airflow/dags/pipeline_dbt.py
[2025-08-20T02:17:51.828+0000] {logging_mixin.py:188} INFO - [2025-08-20T02:17:51.827+0000] {dag.py:3036} INFO - Sync 1 DAGs
[2025-08-20T02:17:51.868+0000] {logging_mixin.py:188} INFO - [2025-08-20T02:17:51.867+0000] {dag.py:3823} INFO - Setting next_dagrun for pipeline_dbt to 2025-08-20 00:00:00+00:00, run_after=2025-08-21 00:00:00+00:00
[2025-08-20T02:17:43.159+0000] {processor.py:183} INFO - Processing /opt/airflow/dags/pipeline_dbt.py took 0.164 seconds
[2025-08-20T02:18:13.490+0000] {processor.py:161} INFO - Started process (PID=232) to work on /opt/airflow/dags/pipeline_dbt.py
[2025-08-20T02:18:13.493+0000] {processor.py:830} INFO - Processing file /opt/airflow/dags/pipeline_dbt.py for tasks to queue
[2025-08-20T02:18:13.496+0000] {logging_mixin.py:188} INFO - [2025-08-20T02:18:13.495+0000] {dagbag.py:538} INFO - Filling up the DagBag from /opt/airflow/dags/pipeline_dbt.py
[2025-08-20T02:18:13.525+0000] {processor.py:840} INFO - DAG(s) 'pipeline_dbt' retrieved from /opt/airflow/dags/pipeline_dbt.py
[2025-08-20T02:18:13.571+0000] {logging_mixin.py:188} INFO - [2025-08-20T02:18:13.571+0000] {dag.py:3036} INFO - Sync 1 DAGs
[2025-08-20T02:18:13.603+0000] {logging_mixin.py:188} INFO - [2025-08-20T02:18:13.603+0000] {dag.py:3823} INFO - Setting next_dagrun for pipeline_dbt to 2025-08-20 00:00:00+00:00, run_after=2025-08-21 00:00:00+00:00
[2025-08-20T02:18:13.648+0000] {processor.py:183} INFO - Processing /opt/airflow/dags/pipeline_dbt.py took 0.169 seconds
[2025-08-20T02:18:46.959+0000] {processor.py:161} INFO - Started process (PID=237) to work on /opt/airflow/dags/pipeline_dbt.py
[2025-08-20T02:18:46.962+0000] {processor.py:830} INFO - Processing file /opt/airflow/dags/pipeline_dbt.py for tasks to queue
[2025-08-20T02:18:46.963+0000] {logging_mixin.py:188} INFO - [2025-08-20T02:18:46.962+0000] {dagbag.py:538} INFO - Filling up the DagBag from /opt/airflow/dags/pipeline_dbt.py
[2025-08-20T02:18:38.241+0000] {processor.py:840} INFO - DAG(s) 'pipeline_dbt' retrieved from /opt/airflow/dags/pipeline_dbt.py
[2025-08-20T02:18:38.284+0000] {logging_mixin.py:188} INFO - [2025-08-20T02:18:38.283+0000] {dag.py:3036} INFO - Sync 1 DAGs
[2025-08-20T02:18:38.320+0000] {logging_mixin.py:188} INFO - [2025-08-20T02:18:38.319+0000] {dag.py:3823} INFO - Setting next_dagrun for pipeline_dbt to 2025-08-20 00:00:00+00:00, run_after=2025-08-21 00:00:00+00:00
[2025-08-20T02:18:38.344+0000] {processor.py:183} INFO - Processing /opt/airflow/dags/pipeline_dbt.py took 0.132 seconds
[2025-08-20T02:19:11.890+0000] {processor.py:161} INFO - Started process (PID=242) to work on /opt/airflow/dags/pipeline_dbt.py
[2025-08-20T02:19:11.893+0000] {processor.py:830} INFO - Processing file /opt/airflow/dags/pipeline_dbt.py for tasks to queue
[2025-08-20T02:19:11.896+0000] {logging_mixin.py:188} INFO - [2025-08-20T02:19:11.895+0000] {dagbag.py:538} INFO - Filling up the DagBag from /opt/airflow/dags/pipeline_dbt.py
[2025-08-20T02:19:11.943+0000] {processor.py:840} INFO - DAG(s) 'pipeline_dbt' retrieved from /opt/airflow/dags/pipeline_dbt.py
[2025-08-20T02:19:03.300+0000] {logging_mixin.py:188} INFO - [2025-08-20T02:19:03.299+0000] {dag.py:3036} INFO - Sync 1 DAGs
[2025-08-20T02:19:03.369+0000] {logging_mixin.py:188} INFO - [2025-08-20T02:19:03.369+0000] {dag.py:3823} INFO - Setting next_dagrun for pipeline_dbt to 2025-08-20 00:00:00+00:00, run_after=2025-08-21 00:00:00+00:00
[2025-08-20T02:19:03.409+0000] {processor.py:183} INFO - Processing /opt/airflow/dags/pipeline_dbt.py took 0.290 seconds
[2025-08-20T02:19:33.577+0000] {processor.py:161} INFO - Started process (PID=247) to work on /opt/airflow/dags/pipeline_dbt.py
[2025-08-20T02:19:33.579+0000] {processor.py:830} INFO - Processing file /opt/airflow/dags/pipeline_dbt.py for tasks to queue
[2025-08-20T02:19:33.581+0000] {logging_mixin.py:188} INFO - [2025-08-20T02:19:33.580+0000] {dagbag.py:538} INFO - Filling up the DagBag from /opt/airflow/dags/pipeline_dbt.py
[2025-08-20T02:19:33.602+0000] {processor.py:840} INFO - DAG(s) 'pipeline_dbt' retrieved from /opt/airflow/dags/pipeline_dbt.py
[2025-08-20T02:19:33.648+0000] {logging_mixin.py:188} INFO - [2025-08-20T02:19:33.647+0000] {dag.py:3036} INFO - Sync 1 DAGs
[2025-08-20T02:19:33.683+0000] {logging_mixin.py:188} INFO - [2025-08-20T02:19:33.683+0000] {dag.py:3823} INFO - Setting next_dagrun for pipeline_dbt to 2025-08-20 00:00:00+00:00, run_after=2025-08-21 00:00:00+00:00
[2025-08-20T02:19:33.722+0000] {processor.py:183} INFO - Processing /opt/airflow/dags/pipeline_dbt.py took 0.150 seconds
[2025-08-20T02:20:03.957+0000] {processor.py:161} INFO - Started process (PID=252) to work on /opt/airflow/dags/pipeline_dbt.py
[2025-08-20T02:20:03.959+0000] {processor.py:830} INFO - Processing file /opt/airflow/dags/pipeline_dbt.py for tasks to queue
[2025-08-20T02:20:03.960+0000] {logging_mixin.py:188} INFO - [2025-08-20T02:20:03.960+0000] {dagbag.py:538} INFO - Filling up the DagBag from /opt/airflow/dags/pipeline_dbt.py
[2025-08-20T02:20:03.978+0000] {processor.py:840} INFO - DAG(s) 'pipeline_dbt' retrieved from /opt/airflow/dags/pipeline_dbt.py
[2025-08-20T02:20:04.019+0000] {logging_mixin.py:188} INFO - [2025-08-20T02:20:04.019+0000] {dag.py:3036} INFO - Sync 1 DAGs
[2025-08-20T02:20:04.055+0000] {logging_mixin.py:188} INFO - [2025-08-20T02:20:04.055+0000] {dag.py:3823} INFO - Setting next_dagrun for pipeline_dbt to 2025-08-20 00:00:00+00:00, run_after=2025-08-21 00:00:00+00:00
[2025-08-20T02:20:04.081+0000] {processor.py:183} INFO - Processing /opt/airflow/dags/pipeline_dbt.py took 0.134 seconds
[2025-08-20T02:20:34.493+0000] {processor.py:161} INFO - Started process (PID=257) to work on /opt/airflow/dags/pipeline_dbt.py
[2025-08-20T02:20:34.495+0000] {processor.py:830} INFO - Processing file /opt/airflow/dags/pipeline_dbt.py for tasks to queue
[2025-08-20T02:20:34.497+0000] {logging_mixin.py:188} INFO - [2025-08-20T02:20:34.496+0000] {dagbag.py:538} INFO - Filling up the DagBag from /opt/airflow/dags/pipeline_dbt.py
[2025-08-20T02:20:34.517+0000] {processor.py:840} INFO - DAG(s) 'pipeline_dbt' retrieved from /opt/airflow/dags/pipeline_dbt.py
[2025-08-20T02:20:34.560+0000] {logging_mixin.py:188} INFO - [2025-08-20T02:20:34.560+0000] {dag.py:3036} INFO - Sync 1 DAGs
[2025-08-20T02:20:34.594+0000] {logging_mixin.py:188} INFO - [2025-08-20T02:20:34.594+0000] {dag.py:3823} INFO - Setting next_dagrun for pipeline_dbt to 2025-08-20 00:00:00+00:00, run_after=2025-08-21 00:00:00+00:00
[2025-08-20T02:20:34.635+0000] {processor.py:183} INFO - Processing /opt/airflow/dags/pipeline_dbt.py took 0.148 seconds
