[2025-07-07T20:20:05.444+0000] {manager.py:469} INFO - Processing files using up to 2 processes at a time 
[2025-07-07T20:20:05.445+0000] {manager.py:470} INFO - Process each file at most once every 30 seconds
[2025-07-07T20:20:05.445+0000] {manager.py:471} INFO - Checking for new files in /opt/airflow/dags every 300 seconds
[2025-07-07T20:20:05.445+0000] {manager.py:738} INFO - Searching for files in /opt/airflow/dags
[2025-07-07T20:20:05.447+0000] {manager.py:741} INFO - There are 1 files in /opt/airflow/dags
[2025-07-07T20:20:05.542+0000] {manager.py:879} INFO - 
================================================================================
DAG File Processing Stats
File Path                            PID  Runtime      # DAGs    # Errors  Last Runtime    Last Run
---------------------------------  -----  ---------  --------  ----------  --------------  ----------
/opt/airflow/dags/pipeline_dbt.py    170  0.05s             0           0
================================================================================
[2025-07-07T20:20:34.680+0000] {manager.py:879} INFO - 
================================================================================
DAG File Processing Stats

File Path                          PID    Runtime      # DAGs    # Errors  Last Runtime    Last Run
---------------------------------  -----  ---------  --------  ----------  --------------  -------------------
/opt/airflow/dags/pipeline_dbt.py                           1           0  0.13s           2025-07-07T20:20:05
================================================================================
[2025-07-07T20:21:03.780+0000] {manager.py:879} INFO - 
================================================================================
DAG File Processing Stats

File Path                          PID    Runtime      # DAGs    # Errors  Last Runtime    Last Run
---------------------------------  -----  ---------  --------  ----------  --------------  -------------------
/opt/airflow/dags/pipeline_dbt.py                           1           0  0.21s           2025-07-07T20:20:35
================================================================================
[2025-07-07T20:21:33.226+0000] {manager.py:879} INFO - 
================================================================================
DAG File Processing Stats

File Path                          PID    Runtime      # DAGs    # Errors  Last Runtime    Last Run
---------------------------------  -----  ---------  --------  ----------  --------------  -------------------
/opt/airflow/dags/pipeline_dbt.py                           1           0  0.12s           2025-07-07T20:21:06
================================================================================
[2025-07-07T20:22:02.424+0000] {manager.py:879} INFO - 
================================================================================
DAG File Processing Stats

File Path                          PID    Runtime      # DAGs    # Errors  Last Runtime    Last Run
---------------------------------  -----  ---------  --------  ----------  --------------  -------------------
/opt/airflow/dags/pipeline_dbt.py                           1           0  0.12s           2025-07-07T20:21:36
================================================================================
[2025-07-07T20:22:32.788+0000] {manager.py:879} INFO - 
================================================================================
DAG File Processing Stats

File Path                          PID    Runtime      # DAGs    # Errors  Last Runtime    Last Run
---------------------------------  -----  ---------  --------  ----------  --------------  -------------------
/opt/airflow/dags/pipeline_dbt.py                           1           0  0.11s           2025-07-07T20:22:06
================================================================================
[2025-07-07T20:23:01.971+0000] {manager.py:879} INFO - 
================================================================================
DAG File Processing Stats

File Path                          PID    Runtime      # DAGs    # Errors  Last Runtime    Last Run
---------------------------------  -----  ---------  --------  ----------  --------------  -------------------
/opt/airflow/dags/pipeline_dbt.py                           1           0  0.11s           2025-07-07T20:22:36
================================================================================
[2025-07-07T20:23:31.116+0000] {manager.py:879} INFO - 
================================================================================
DAG File Processing Stats

File Path                          PID    Runtime      # DAGs    # Errors  Last Runtime    Last Run
---------------------------------  -----  ---------  --------  ----------  --------------  -------------------
/opt/airflow/dags/pipeline_dbt.py                           1           0  0.13s           2025-07-07T20:23:07
================================================================================
[2025-07-07T20:24:00.362+0000] {manager.py:879} INFO - 
================================================================================
DAG File Processing Stats

File Path                          PID    Runtime      # DAGs    # Errors  Last Runtime    Last Run
---------------------------------  -----  ---------  --------  ----------  --------------  -------------------
/opt/airflow/dags/pipeline_dbt.py                           1           0  0.13s           2025-07-07T20:23:37
================================================================================
[2025-07-07T20:24:29.684+0000] {manager.py:879} INFO - 
================================================================================
DAG File Processing Stats

File Path                          PID    Runtime      # DAGs    # Errors  Last Runtime    Last Run
---------------------------------  -----  ---------  --------  ----------  --------------  -------------------
/opt/airflow/dags/pipeline_dbt.py                           1           0  0.11s           2025-07-07T20:24:07
================================================================================
[2025-07-07T20:24:58.909+0000] {manager.py:879} INFO - 
================================================================================
DAG File Processing Stats

File Path                          PID    Runtime      # DAGs    # Errors  Last Runtime    Last Run
---------------------------------  -----  ---------  --------  ----------  --------------  -------------------
/opt/airflow/dags/pipeline_dbt.py                           1           0  0.11s           2025-07-07T20:24:37
================================================================================
[2025-07-07T20:25:05.958+0000] {manager.py:738} INFO - Searching for files in /opt/airflow/dags
[2025-07-07T20:25:05.959+0000] {manager.py:741} INFO - There are 1 files in /opt/airflow/dags
[2025-07-07T20:25:28.126+0000] {manager.py:879} INFO - 
================================================================================
DAG File Processing Stats

File Path                          PID    Runtime      # DAGs    # Errors  Last Runtime    Last Run
---------------------------------  -----  ---------  --------  ----------  --------------  -------------------
/opt/airflow/dags/pipeline_dbt.py                           1           0  0.12s           2025-07-07T20:25:08
================================================================================
[2025-07-07T20:25:57.263+0000] {manager.py:879} INFO - 
================================================================================
DAG File Processing Stats

File Path                          PID    Runtime      # DAGs    # Errors  Last Runtime    Last Run
---------------------------------  -----  ---------  --------  ----------  --------------  -------------------
/opt/airflow/dags/pipeline_dbt.py                           1           0  0.12s           2025-07-07T20:25:38
================================================================================
[2025-07-07T20:26:26.411+0000] {manager.py:879} INFO - 
================================================================================
DAG File Processing Stats

File Path                          PID    Runtime      # DAGs    # Errors  Last Runtime    Last Run
---------------------------------  -----  ---------  --------  ----------  --------------  -------------------
/opt/airflow/dags/pipeline_dbt.py                           1           0  0.11s           2025-07-07T20:26:08
================================================================================
[2025-07-07T20:26:55.684+0000] {manager.py:879} INFO - 
================================================================================
DAG File Processing Stats

File Path                          PID    Runtime      # DAGs    # Errors  Last Runtime    Last Run
---------------------------------  -----  ---------  --------  ----------  --------------  -------------------
/opt/airflow/dags/pipeline_dbt.py                           1           0  0.13s           2025-07-07T20:26:38
================================================================================
[2025-07-07T20:27:24.866+0000] {manager.py:879} INFO - 
================================================================================
DAG File Processing Stats

File Path                          PID    Runtime      # DAGs    # Errors  Last Runtime    Last Run
---------------------------------  -----  ---------  --------  ----------  --------------  -------------------
/opt/airflow/dags/pipeline_dbt.py                           1           0  0.11s           2025-07-07T20:27:08
================================================================================
[2025-07-07T20:27:54.101+0000] {manager.py:879} INFO - 
================================================================================
DAG File Processing Stats

File Path                          PID    Runtime      # DAGs    # Errors  Last Runtime    Last Run
---------------------------------  -----  ---------  --------  ----------  --------------  -------------------
/opt/airflow/dags/pipeline_dbt.py                           1           0  0.12s           2025-07-07T20:27:39
================================================================================
[2025-07-07T20:28:23.315+0000] {manager.py:879} INFO - 
================================================================================
DAG File Processing Stats

File Path                          PID    Runtime      # DAGs    # Errors  Last Runtime    Last Run
---------------------------------  -----  ---------  --------  ----------  --------------  -------------------
/opt/airflow/dags/pipeline_dbt.py                           1           0  0.13s           2025-07-07T20:28:09
================================================================================
[2025-07-07T20:28:52.548+0000] {manager.py:879} INFO - 
================================================================================
DAG File Processing Stats

File Path                          PID    Runtime      # DAGs    # Errors  Last Runtime    Last Run
---------------------------------  -----  ---------  --------  ----------  --------------  -------------------
/opt/airflow/dags/pipeline_dbt.py                           1           0  0.11s           2025-07-07T20:28:39
================================================================================
[2025-07-07T20:29:21.720+0000] {manager.py:879} INFO - 
================================================================================
DAG File Processing Stats

File Path                          PID    Runtime      # DAGs    # Errors  Last Runtime    Last Run
---------------------------------  -----  ---------  --------  ----------  --------------  -------------------
/opt/airflow/dags/pipeline_dbt.py                           1           0  0.13s           2025-07-07T20:29:09
================================================================================
[2025-07-07T20:29:50.864+0000] {manager.py:879} INFO - 
================================================================================
DAG File Processing Stats

File Path                          PID    Runtime      # DAGs    # Errors  Last Runtime    Last Run
---------------------------------  -----  ---------  --------  ----------  --------------  -------------------
/opt/airflow/dags/pipeline_dbt.py                           1           0  0.12s           2025-07-07T20:29:39
================================================================================
[2025-07-07T20:29:58.062+0000] {manager.py:451} INFO - Exiting gracefully upon receiving signal 15
[2025-07-07T20:31:27.132+0000] {manager.py:469} INFO - Processing files using up to 2 processes at a time 
[2025-07-07T20:31:27.134+0000] {manager.py:470} INFO - Process each file at most once every 30 seconds
[2025-07-07T20:31:27.134+0000] {manager.py:471} INFO - Checking for new files in /opt/airflow/dags every 300 seconds
[2025-07-07T20:31:27.134+0000] {manager.py:738} INFO - Searching for files in /opt/airflow/dags
[2025-07-07T20:31:27.135+0000] {manager.py:741} INFO - There are 1 files in /opt/airflow/dags
[2025-07-07T20:31:27.230+0000] {manager.py:879} INFO - 
================================================================================
DAG File Processing Stats

File Path                            PID  Runtime      # DAGs    # Errors  Last Runtime    Last Run
---------------------------------  -----  ---------  --------  ----------  --------------  ----------
/opt/airflow/dags/pipeline_dbt.py    170  0.05s             0           0
================================================================================
[2025-07-07T20:31:56.359+0000] {manager.py:879} INFO - 
================================================================================
DAG File Processing Stats

File Path                          PID    Runtime      # DAGs    # Errors  Last Runtime    Last Run
---------------------------------  -----  ---------  --------  ----------  --------------  -------------------
/opt/airflow/dags/pipeline_dbt.py                           1           0  0.15s           2025-07-07T20:31:27
================================================================================
[2025-07-07T20:32:26.599+0000] {manager.py:879} INFO - 
================================================================================
DAG File Processing Stats

File Path                          PID    Runtime      # DAGs    # Errors  Last Runtime    Last Run
---------------------------------  -----  ---------  --------  ----------  --------------  -------------------
/opt/airflow/dags/pipeline_dbt.py                           1           0  0.21s           2025-07-07T20:31:57
================================================================================
[2025-07-07T20:32:55.959+0000] {manager.py:879} INFO - 
================================================================================
DAG File Processing Stats

File Path                          PID    Runtime      # DAGs    # Errors  Last Runtime    Last Run
---------------------------------  -----  ---------  --------  ----------  --------------  -------------------
/opt/airflow/dags/pipeline_dbt.py                           1           0  0.12s           2025-07-07T20:32:27
================================================================================
[2025-07-07T20:33:25.208+0000] {manager.py:879} INFO - 
================================================================================
DAG File Processing Stats

File Path                          PID    Runtime      # DAGs    # Errors  Last Runtime    Last Run
---------------------------------  -----  ---------  --------  ----------  --------------  -------------------
/opt/airflow/dags/pipeline_dbt.py                           1           0  0.12s           2025-07-07T20:32:58
================================================================================
[2025-07-07T20:33:54.458+0000] {manager.py:879} INFO - 
================================================================================
DAG File Processing Stats

File Path                          PID    Runtime      # DAGs    # Errors  Last Runtime    Last Run
---------------------------------  -----  ---------  --------  ----------  --------------  -------------------
/opt/airflow/dags/pipeline_dbt.py                           1           0  0.11s           2025-07-07T20:33:28
================================================================================
[2025-07-07T20:34:23.598+0000] {manager.py:879} INFO - 
================================================================================
DAG File Processing Stats

File Path                          PID    Runtime      # DAGs    # Errors  Last Runtime    Last Run
---------------------------------  -----  ---------  --------  ----------  --------------  -------------------
/opt/airflow/dags/pipeline_dbt.py                           1           0  0.12s           2025-07-07T20:33:58
================================================================================
[2025-07-07T20:34:52.831+0000] {manager.py:879} INFO - 
================================================================================
DAG File Processing Stats

File Path                          PID    Runtime      # DAGs    # Errors  Last Runtime    Last Run
---------------------------------  -----  ---------  --------  ----------  --------------  -------------------
/opt/airflow/dags/pipeline_dbt.py                           1           0  0.11s           2025-07-07T20:34:28
================================================================================
[2025-07-07T20:35:22.199+0000] {manager.py:879} INFO - 
================================================================================
DAG File Processing Stats

File Path                          PID    Runtime      # DAGs    # Errors  Last Runtime    Last Run
---------------------------------  -----  ---------  --------  ----------  --------------  -------------------
/opt/airflow/dags/pipeline_dbt.py                           1           0  0.14s           2025-07-07T20:34:59
================================================================================
[2025-07-07T20:35:51.500+0000] {manager.py:879} INFO - 
================================================================================
DAG File Processing Stats

File Path                          PID    Runtime      # DAGs    # Errors  Last Runtime    Last Run
---------------------------------  -----  ---------  --------  ----------  --------------  -------------------
/opt/airflow/dags/pipeline_dbt.py                           1           0  0.12s           2025-07-07T20:35:29
================================================================================
[2025-07-07T20:36:20.806+0000] {manager.py:879} INFO - 
================================================================================
DAG File Processing Stats

File Path                          PID    Runtime      # DAGs    # Errors  Last Runtime    Last Run
---------------------------------  -----  ---------  --------  ----------  --------------  -------------------
/opt/airflow/dags/pipeline_dbt.py                           1           0  0.13s           2025-07-07T20:35:59
================================================================================
[2025-07-07T20:36:27.861+0000] {manager.py:738} INFO - Searching for files in /opt/airflow/dags
[2025-07-07T20:36:27.862+0000] {manager.py:741} INFO - There are 1 files in /opt/airflow/dags
[2025-07-07T20:36:50.023+0000] {manager.py:879} INFO - 
================================================================================
DAG File Processing Stats

File Path                          PID    Runtime      # DAGs    # Errors  Last Runtime    Last Run
---------------------------------  -----  ---------  --------  ----------  --------------  -------------------
/opt/airflow/dags/pipeline_dbt.py                           1           0  0.12s           2025-07-07T20:36:29
================================================================================
[2025-07-07T20:37:19.125+0000] {manager.py:879} INFO - 
================================================================================
DAG File Processing Stats

File Path                          PID    Runtime      # DAGs    # Errors  Last Runtime    Last Run
---------------------------------  -----  ---------  --------  ----------  --------------  -------------------
/opt/airflow/dags/pipeline_dbt.py                           1           0  0.12s           2025-07-07T20:37:00
================================================================================
[2025-07-07T20:37:48.383+0000] {manager.py:879} INFO - 
================================================================================
DAG File Processing Stats

File Path                          PID    Runtime      # DAGs    # Errors  Last Runtime    Last Run
---------------------------------  -----  ---------  --------  ----------  --------------  -------------------
/opt/airflow/dags/pipeline_dbt.py                           1           0  0.11s           2025-07-07T20:37:30
================================================================================
[2025-07-07T20:38:17.616+0000] {manager.py:879} INFO - 
================================================================================
DAG File Processing Stats

File Path                          PID    Runtime      # DAGs    # Errors  Last Runtime    Last Run
---------------------------------  -----  ---------  --------  ----------  --------------  -------------------
/opt/airflow/dags/pipeline_dbt.py                           1           0  0.11s           2025-07-07T20:38:00
================================================================================
[2025-07-07T20:38:46.836+0000] {manager.py:879} INFO - 
================================================================================
DAG File Processing Stats

File Path                          PID    Runtime      # DAGs    # Errors  Last Runtime    Last Run
---------------------------------  -----  ---------  --------  ----------  --------------  -------------------
/opt/airflow/dags/pipeline_dbt.py                           1           0  0.14s           2025-07-07T20:38:30
================================================================================
[2025-07-07T20:39:16.232+0000] {manager.py:879} INFO - 
================================================================================
DAG File Processing Stats

File Path                          PID    Runtime      # DAGs    # Errors  Last Runtime    Last Run
---------------------------------  -----  ---------  --------  ----------  --------------  -------------------
/opt/airflow/dags/pipeline_dbt.py                           1           0  0.11s           2025-07-07T20:39:01
================================================================================
[2025-07-07T20:39:45.521+0000] {manager.py:879} INFO - 
================================================================================
DAG File Processing Stats

File Path                          PID    Runtime      # DAGs    # Errors  Last Runtime    Last Run
---------------------------------  -----  ---------  --------  ----------  --------------  -------------------
/opt/airflow/dags/pipeline_dbt.py                           1           0  0.11s           2025-07-07T20:39:31
================================================================================
[2025-07-07T20:40:14.665+0000] {manager.py:879} INFO - 
================================================================================
DAG File Processing Stats

File Path                          PID    Runtime      # DAGs    # Errors  Last Runtime    Last Run
---------------------------------  -----  ---------  --------  ----------  --------------  -------------------
/opt/airflow/dags/pipeline_dbt.py                           1           0  0.11s           2025-07-07T20:40:01
================================================================================
[2025-07-07T20:40:44.823+0000] {manager.py:879} INFO - 
================================================================================
DAG File Processing Stats

File Path                          PID    Runtime      # DAGs    # Errors  Last Runtime    Last Run
---------------------------------  -----  ---------  --------  ----------  --------------  -------------------
/opt/airflow/dags/pipeline_dbt.py                           1           0  0.11s           2025-07-07T20:40:31
================================================================================
[2025-07-07T20:41:14.038+0000] {manager.py:879} INFO - 
================================================================================
DAG File Processing Stats

File Path                          PID    Runtime      # DAGs    # Errors  Last Runtime    Last Run
---------------------------------  -----  ---------  --------  ----------  --------------  -------------------
/opt/airflow/dags/pipeline_dbt.py                           1           0  0.13s           2025-07-07T20:41:02
================================================================================
[2025-07-07T20:41:28.012+0000] {manager.py:738} INFO - Searching for files in /opt/airflow/dags
[2025-07-07T20:41:28.013+0000] {manager.py:741} INFO - There are 1 files in /opt/airflow/dags
[2025-07-07T20:41:43.231+0000] {manager.py:879} INFO - 
================================================================================
DAG File Processing Stats

File Path                          PID    Runtime      # DAGs    # Errors  Last Runtime    Last Run
---------------------------------  -----  ---------  --------  ----------  --------------  -------------------
/opt/airflow/dags/pipeline_dbt.py                           1           0  0.11s           2025-07-07T20:41:32
================================================================================
[2025-08-20T02:13:56.060+0000] {manager.py:469} INFO - Processing files using up to 2 processes at a time 
[2025-08-20T02:13:56.061+0000] {manager.py:470} INFO - Process each file at most once every 30 seconds
[2025-08-20T02:13:56.062+0000] {manager.py:471} INFO - Checking for new files in /opt/airflow/dags every 300 seconds
[2025-08-20T02:13:56.063+0000] {manager.py:738} INFO - Searching for files in /opt/airflow/dags
[2025-08-20T02:13:56.065+0000] {manager.py:741} INFO - There are 1 files in /opt/airflow/dags
[2025-08-20T02:13:56.202+0000] {manager.py:879} INFO - 
================================================================================
DAG File Processing Stats

File Path                            PID  Runtime      # DAGs    # Errors  Last Runtime    Last Run
---------------------------------  -----  ---------  --------  ----------  --------------  ----------
/opt/airflow/dags/pipeline_dbt.py    166  0.07s             0           0
================================================================================
[2025-08-20T02:14:23.885+0000] {manager.py:879} INFO - 
================================================================================
DAG File Processing Stats

File Path                          PID    Runtime      # DAGs    # Errors  Last Runtime    Last Run
---------------------------------  -----  ---------  --------  ----------  --------------  -------------------
/opt/airflow/dags/pipeline_dbt.py                           1           0  0.62s           2025-08-20T02:13:56
================================================================================
[2025-08-20T02:14:51.677+0000] {manager.py:879} INFO - 
================================================================================
DAG File Processing Stats

File Path                          PID    Runtime      # DAGs    # Errors  Last Runtime    Last Run
---------------------------------  -----  ---------  --------  ----------  --------------  -------------------
/opt/airflow/dags/pipeline_dbt.py                           1           0  0.25s           2025-08-20T02:14:27
================================================================================
[2025-08-20T02:15:19.280+0000] {manager.py:879} INFO - 
================================================================================
DAG File Processing Stats

File Path                          PID    Runtime      # DAGs    # Errors  Last Runtime    Last Run
---------------------------------  -----  ---------  --------  ----------  --------------  -------------------
/opt/airflow/dags/pipeline_dbt.py                           1           0  0.19s           2025-08-20T02:14:57
================================================================================
[2025-08-20T02:15:47.160+0000] {manager.py:879} INFO - 
================================================================================
DAG File Processing Stats

File Path                          PID    Runtime      # DAGs    # Errors  Last Runtime    Last Run
---------------------------------  -----  ---------  --------  ----------  --------------  -------------------
/opt/airflow/dags/pipeline_dbt.py                           1           0  -8.56s          2025-08-20T02:15:23
================================================================================
[2025-08-20T02:16:14.693+0000] {manager.py:879} INFO - 
================================================================================
DAG File Processing Stats

File Path                          PID    Runtime      # DAGs    # Errors  Last Runtime    Last Run
---------------------------------  -----  ---------  --------  ----------  --------------  -------------------
/opt/airflow/dags/pipeline_dbt.py                           1           0  -8.59s          2025-08-20T02:15:47
================================================================================
[2025-08-20T02:16:42.661+0000] {manager.py:879} INFO - 
================================================================================
DAG File Processing Stats

File Path                          PID    Runtime      # DAGs    # Errors  Last Runtime    Last Run
---------------------------------  -----  ---------  --------  ----------  --------------  -------------------
/opt/airflow/dags/pipeline_dbt.py                           1           0  0.17s           2025-08-20T02:16:18
================================================================================
[2025-08-20T02:17:10.022+0000] {manager.py:879} INFO - 
================================================================================
DAG File Processing Stats

File Path                          PID    Runtime      # DAGs    # Errors  Last Runtime    Last Run
---------------------------------  -----  ---------  --------  ----------  --------------  -------------------
/opt/airflow/dags/pipeline_dbt.py                           1           0  0.20s           2025-08-20T02:16:48
================================================================================
[2025-08-20T02:17:37.907+0000] {manager.py:879} INFO - 
================================================================================
DAG File Processing Stats

File Path                          PID    Runtime      # DAGs    # Errors  Last Runtime    Last Run
---------------------------------  -----  ---------  --------  ----------  --------------  -------------------
/opt/airflow/dags/pipeline_dbt.py                           1           0  0.19s           2025-08-20T02:17:19
================================================================================
[2025-08-20T02:18:14.656+0000] {manager.py:879} INFO - 
================================================================================
DAG File Processing Stats

File Path                          PID    Runtime      # DAGs    # Errors  Last Runtime    Last Run
---------------------------------  -----  ---------  --------  ----------  --------------  -------------------
/opt/airflow/dags/pipeline_dbt.py                           1           0  0.24s           2025-08-20T02:18:13
================================================================================
[2025-08-20T02:18:33.095+0000] {manager.py:879} INFO - 
================================================================================
DAG File Processing Stats

File Path                          PID    Runtime      # DAGs    # Errors  Last Runtime    Last Run
---------------------------------  -----  ---------  --------  ----------  --------------  -------------------
/opt/airflow/dags/pipeline_dbt.py                           1           0  0.24s           2025-08-20T02:18:13
================================================================================
[2025-08-20T02:18:56.936+0000] {manager.py:738} INFO - Searching for files in /opt/airflow/dags
[2025-08-20T02:18:56.937+0000] {manager.py:741} INFO - There are 1 files in /opt/airflow/dags
[2025-08-20T02:19:00.498+0000] {manager.py:879} INFO - 
================================================================================
DAG File Processing Stats

File Path                          PID    Runtime      # DAGs    # Errors  Last Runtime    Last Run
---------------------------------  -----  ---------  --------  ----------  --------------  -------------------
/opt/airflow/dags/pipeline_dbt.py                           1           0  -8.58s          2025-08-20T02:18:38
================================================================================
[2025-08-20T02:19:28.482+0000] {manager.py:879} INFO - 
================================================================================
DAG File Processing Stats

File Path                          PID    Runtime      # DAGs    # Errors  Last Runtime    Last Run
---------------------------------  -----  ---------  --------  ----------  --------------  -------------------
/opt/airflow/dags/pipeline_dbt.py                           1           0  -8.42s          2025-08-20T02:19:03
================================================================================
[2025-08-20T02:19:55.824+0000] {manager.py:879} INFO - 
================================================================================
DAG File Processing Stats

File Path                          PID    Runtime      # DAGs    # Errors  Last Runtime    Last Run
---------------------------------  -----  ---------  --------  ----------  --------------  -------------------
/opt/airflow/dags/pipeline_dbt.py                           1           0  0.18s           2025-08-20T02:19:33
================================================================================
[2025-08-20T02:20:32.044+0000] {manager.py:879} INFO - 
================================================================================
DAG File Processing Stats

File Path                          PID    Runtime      # DAGs    # Errors  Last Runtime    Last Run
---------------------------------  -----  ---------  --------  ----------  --------------  -------------------
/opt/airflow/dags/pipeline_dbt.py                           1           0  0.18s           2025-08-20T02:20:04
================================================================================
[2025-08-20T02:20:51.239+0000] {manager.py:879} INFO - 
================================================================================
DAG File Processing Stats

File Path                          PID    Runtime      # DAGs    # Errors  Last Runtime    Last Run
---------------------------------  -----  ---------  --------  ----------  --------------  -------------------
/opt/airflow/dags/pipeline_dbt.py                           1           0  0.18s           2025-08-20T02:20:34
================================================================================
